nohup: ignoring input
Line 1/171: answer 155, button presses: [0, 8, 8, 4, 8, 127]
Line 2/171: answer 145, button presses: [8, 119, 2, 16]
Line 3/171: answer 40, button presses: [6, 14, 20]
Line 4/171: answer 45, button presses: [13, 9, 9, 0, 0, 14]
Line 5/171: answer 324, button presses: [195, 16, 14, 6, 11, 7, 9, 18, 16, 19, 13]
Line 6/171: answer 32, button presses: [8, 9, 15]
Line 7/171: answer 85, button presses: [7, 11, 7, 11, 13, 19, 17]
Line 8/171: answer 54, button presses: [12, 14, 0, 12, 16, 0]
Line 9/171: answer 106, button presses: [7, 0, 8, 19, 3, 4, 1, 19, 9, 14, 6, 12, 4]
Line 10/171: answer 60, button presses: [14, 2, 7, 10, 2, 6, 6, 13]
Line 11/171: answer 98, button presses: [6, 0, 20, 13, 9, 1, 18, 0, 9, 22]
Line 12/171: answer 102, button presses: [14, 17, 13, 15, 15, 9, 14, 5]
Line 13/171: answer 52, button presses: [8, 9, 0, 15, 5, 7, 8]
Line 14/171: answer 21, button presses: [3, 13, 5]
Line 15/171: answer 241, button presses: [17, 13, 192, 18, 1]
Line 16/171: answer 110, button presses: [0, 12, 6, 5, 11, 16, 15, 7, 20, 18]
Line 17/171: answer 250, button presses: [10, 10, 26, 16, 0, 16, 0, 150, 16, 6]
Line 18/171: answer 171, button presses: [2, 158, 4, 3, 4, 0]
Line 19/171: answer 178, button presses: [7, 133, 0, 20, 9, 9, 0]
Line 20/171: answer 21, button presses: [18, 0, 3]
Line 21/171: answer 66, button presses: [19, 18, 0, 9, 20]
Line 22/171: answer 168, button presses: [13, 129, 6, 20]
Line 23/171: answer 208, button presses: [0, 3, 9, 9, 187]
Line 24/171: answer 43, button presses: [7, 2, 20, 8, 6]
Line 25/171: answer 79, button presses: [18, 3, 20, 1, 11, 4, 4, 9, 9]
Line 26/171: answer 77, button presses: [7, 4, 0, 12, 4, 5, 20, 0, 18, 7]
Line 27/171: answer 237, button presses: [20, 186, 8, 0, 16, 7]
Line 28/171: answer 38, button presses: [0, 11, 19, 6, 2]
Line 29/171: answer 68, button presses: [0, 6, 11, 15, 19, 17]
Line 30/171: answer 80, button presses: [11, 14, 5, 12, 16, 5, 17]
Line 31/171: answer 200, button presses: [6, 18, 127, 8, 20, 10, 11]
Line 32/171: answer 72, button presses: [15, 2, 0, 18, 3, 15, 5, 14]
Line 33/171: answer 49, button presses: [2, 1, 13, 18, 15, 0]
Line 34/171: answer 77, button presses: [12, 13, 3, 0, 11, 17, 15, 6]
Line 35/171: answer 102, button presses: [6, 2, 10, 2, 0, 24, 21, 37]
Line 36/171: answer 72, button presses: [4, 27, 6, 1, 0, 6, 22, 6]
Line 37/171: answer 240, button presses: [1, 1, 20, 30, 15, 0, 0, 173]
Line 38/171: answer 149, button presses: [7, 0, 1, 138, 3]
Line 39/171: answer 69, button presses: [2, 40, 1, 0, 0, 2, 24]
Line 40/171: answer 114, button presses: [19, 0, 9, 13, 7, 17, 20, 17, 12]
Line 41/171: answer 92, button presses: [1, 13, 13, 16, 11, 0, 12, 0, 26]
Line 42/171: answer 76, button presses: [17, 16, 4, 10, 20, 9]
Line 43/171: answer 64, button presses: [3, 1, 12, 5, 9, 16, 3, 10, 5]
Line 44/171: answer 94, button presses: [15, 7, 10, 1, 0, 12, 9, 18, 12, 5, 5]
Line 45/171: answer 121, button presses: [4, 0, 11, 13, 18, 1, 16, 15, 15, 3, 1, 24]
Line 46/171: answer 74, button presses: [4, 11, 18, 5, 16, 10, 10]
Line 47/171: answer 26, button presses: [7, 0, 19]
Line 48/171: answer 73, button presses: [5, 0, 12, 5, 0, 7, 5, 13, 4, 5, 17]
Line 49/171: answer 52, button presses: [1, 10, 16, 7, 18]
Line 50/171: answer 102, button presses: [13, 7, 4, 22, 6, 5, 0, 18, 2, 0, 6, 19]
Line 51/171: answer 84, button presses: [10, 12, 5, 1, 18, 1, 18, 8, 11]
Line 52/171: answer 101, button presses: [12, 8, 13, 16, 6, 18, 18, 10]
Line 53/171: answer 78, button presses: [14, 17, 12, 0, 15, 13, 4, 3]
Line 54/171: answer 32, button presses: [3, 1, 0, 2, 17, 9]
Line 55/171: answer 217, button presses: [28, 0, 34, 2, 141, 0, 12, 0]
Line 56/171: answer 60, button presses: [19, 16, 4, 6, 15]
Line 57/171: answer 36, button presses: [8, 3, 0, 9, 16]
Line 58/171: answer 69, button presses: [1, 7, 4, 17, 13, 8, 19]
Line 59/171: answer 179, button presses: [9, 14, 146, 10]
Line 60/171: answer 71, button presses: [1, 17, 8, 2, 11, 7, 1, 2, 4, 18]
Line 61/171: answer 106, button presses: [14, 17, 6, 14, 12, 1, 6, 19, 17]
Line 62/171: answer 77, button presses: [20, 13, 6, 19, 0, 1, 0, 18]
Line 63/171: answer 241, button presses: [16, 20, 9, 14, 1, 14, 6, 7, 15, 139]
Line 64/171: answer 208, button presses: [21, 13, 6, 9, 11, 148, 0]
Line 65/171: answer 30, button presses: [20, 10]
Line 66/171: answer 207, button presses: [176, 19, 12]
Line 67/171: answer 156, button presses: [122, 8, 0, 0, 0, 26]
Line 68/171: answer 61, button presses: [1, 10, 1, 12, 4, 12, 1, 1, 19]
Line 69/171: answer 192, button presses: [1, 19, 8, 2, 142, 0, 20]
Line 70/171: answer 175, button presses: [148, 11, 8, 2, 6]
Line 71/171: answer 212, button presses: [8, 17, 169, 18]
Line 72/171: answer 98, button presses: [0, 4, 16, 18, 23, 0, 5, 32]
Line 73/171: answer 261, button presses: [20, 18, 20, 18, 185]
Line 74/171: answer 46, button presses: [9, 8, 12, 1, 3, 3, 10]
Line 75/171: answer 99, button presses: [11, 13, 9, 10, 8, 0, 14, 3, 0, 13, 18]
Line 76/171: answer 82, button presses: [2, 22, 9, 6, 8, 8, 2, 1, 4, 20]
Line 77/171: answer 93, button presses: [0, 15, 11, 6, 1, 14, 17, 10, 11, 1, 7]
Line 78/171: answer 55, button presses: [16, 12, 9, 18]
Line 79/171: answer 30, button presses: [1, 0, 1, 12, 16]
Line 80/171: answer 247, button presses: [9, 0, 10, 8, 15, 193, 6, 1, 5]
Line 81/171: answer 61, button presses: [5, 0, 20, 7, 9, 3, 17]
Line 82/171: answer 52, button presses: [7, 8, 6, 7, 0, 24]
Line 83/171: answer 82, button presses: [4, 4, 9, 8, 5, 17, 14, 5, 0, 16]
Line 84/171: answer 171, button presses: [14, 4, 3, 12, 8, 1, 11, 118, 0]
Line 85/171: answer 126, button presses: [19, 15, 20, 0, 12, 20, 15, 8, 16, 1]
Line 86/171: answer 78, button presses: [3, 7, 13, 18, 20, 4, 13]
Line 87/171: answer 255, button presses: [1, 15, 13, 144, 22, 15, 16, 14, 2, 13]
Line 88/171: answer 81, button presses: [13, 15, 1, 14, 1, 9, 20, 8]
Line 89/171: answer 54, button presses: [20, 19, 5, 10]
Line 90/171: answer 71, button presses: [14, 20, 6, 0, 4, 25, 2]
Line 91/171: answer 116, button presses: [21, 10, 19, 8, 9, 6, 6, 1, 1, 5, 8, 22]
Line 92/171: answer 67, button presses: [6, 2, 8, 13, 11, 12, 1, 14]
Line 93/171: answer 49, button presses: [20, 9, 8, 1, 11]
Line 94/171: answer 80, button presses: [8, 19, 7, 20, 10, 16]
Line 95/171: answer 80, button presses: [8, 12, 11, 10, 1, 12, 18, 0, 8]
Line 96/171: answer 57, button presses: [6, 17, 11, 8, 15, 0]
Line 97/171: answer 37, button presses: [17, 1, 2, 3, 0, 14]
Line 98/171: answer 35, button presses: [1, 8, 14, 10, 2]
Line 99/171: answer 66, button presses: [1, 5, 10, 6, 17, 7, 19, 1]
Line 100/171: answer 269, button presses: [4, 7, 6, 2, 3, 25, 25, 182, 15]
Line 101/171: answer 269, button presses: [184, 16, 7, 5, 6, 11, 0, 24, 16]
Line 102/171: answer 87, button presses: [19, 19, 5, 8, 33, 0, 3]
Line 103/171: answer 186, button presses: [15, 12, 159]
Line 104/171: answer 220, button presses: [6, 5, 11, 8, 7, 14, 149, 20]
Line 105/171: answer 110, button presses: [19, 13, 0, 11, 12, 20, 12, 0, 6, 17]
Line 106/171: answer 136, button presses: [1, 7, 22, 23, 18, 9, 15, 8, 0, 14, 19]
Line 107/171: answer 226, button presses: [0, 189, 4, 17, 16]
Line 108/171: answer 128, button presses: [110, 18]
Line 109/171: answer 31, button presses: [20, 11]
Line 110/171: answer 98, button presses: [19, 20, 21, 20, 8, 8, 2]
Line 111/171: answer 88, button presses: [3, 7, 10, 10, 3, 21, 13, 21, 0]
Line 112/171: answer 22, button presses: [0, 11, 5, 6]
Line 113/171: answer 143, button presses: [18, 16, 18, 11, 6, 10, 7, 17, 15, 7, 18]
Line 114/171: answer 49, button presses: [10, 20, 12, 7]
Line 115/171: answer 56, button presses: [5, 12, 10, 9, 3, 1, 16]
Line 116/171: answer 43, button presses: [9, 18, 8, 0, 0, 8]
Line 117/171: answer 53, button presses: [13, 11, 5, 1, 8, 0, 14, 1]
Line 118/171: answer 61, button presses: [7, 5, 5, 14, 15, 3, 4, 8]
Line 119/171: answer 67, button presses: [5, 5, 7, 7, 21, 8, 7, 1, 4, 0, 2]
Line 120/171: answer 233, button presses: [1, 3, 0, 19, 16, 1, 9, 17, 167]
Line 121/171: answer 38, button presses: [15, 6, 8, 9]
Line 122/171: answer 64, button presses: [17, 9, 6, 16, 1, 15]
Line 123/171: answer 178, button presses: [4, 3, 3, 0, 143, 10, 4, 11]
Line 124/171: answer 159, button presses: [15, 7, 0, 7, 121, 9]
Line 125/171: answer 255, button presses: [15, 4, 7, 2, 15, 5, 16, 9, 182]
Line 126/171: answer 65, button presses: [14, 18, 10, 4, 15, 4, 0]
Line 127/171: answer 203, button presses: [167, 12, 17, 7]
Line 128/171: answer 44, button presses: [2, 10, 11, 17, 4]
Line 129/171: answer 38, button presses: [5, 1, 9, 7, 15, 1]
Line 130/171: answer 132, button presses: [18, 0, 8, 17, 0, 3, 5, 4, 18, 24, 8, 15, 12]
Line 131/171: answer 193, button presses: [14, 9, 154, 9, 7]
Line 132/171: answer 275, button presses: [0, 6, 4, 9, 17, 21, 21, 9, 5, 0, 175, 7, 1]
Line 133/171: answer 69, button presses: [7, 8, 13, 1, 0, 14, 2, 13, 2, 9]
Line 134/171: answer 19, button presses: [13, 6]
Line 135/171: answer 227, button presses: [5, 198, 9, 15]
Line 136/171: answer 125, button presses: [2, 11, 11, 17, 19, 15, 19, 7, 20, 4]
Line 137/171: answer 90, button presses: [0, 8, 16, 4, 16, 3, 3, 9, 17, 14]
Line 138/171: answer 52, button presses: [6, 4, 19, 16, 0, 3, 4]
Line 139/171: answer 207, button presses: [0, 134, 10, 2, 18, 1, 18, 4, 20]
Line 140/171: answer 53, button presses: [13, 13, 16, 4, 0, 4, 3]
Line 141/171: answer 229, button presses: [6, 17, 14, 1, 0, 0, 1, 13, 177]
Line 142/171: answer 137, button presses: [106, 15, 16]
Line 143/171: answer 104, button presses: [0, 12, 13, 1, 14, 4, 0, 18, 11, 21, 10]
Line 144/171: answer 27, button presses: [12, 6, 9]
Line 145/171: answer 222, button presses: [0, 0, 19, 9, 19, 4, 15, 156]
Line 146/171: answer 67, button presses: [19, 8, 19, 16, 5]
Line 147/171: answer 71, button presses: [16, 0, 0, 7, 24, 13, 11]
Line 148/171: answer 98, button presses: [0, 0, 7, 2, 1, 8, 13, 18, 8, 18, 1, 14, 8]
Line 149/171: answer 27, button presses: [1, 6, 0, 0, 19, 1]
Line 150/171: answer 45, button presses: [18, 4, 14, 9]
Line 151/171: answer 78, button presses: [4, 0, 6, 1, 6, 27, 14, 20]
Line 152/171: answer 60, button presses: [44, 0, 4, 10, 1, 1]
Line 153/171: answer 176, button presses: [17, 7, 17, 14, 14, 107]
Line 154/171: answer 32, button presses: [2, 16, 14]
Line 155/171: answer 71, button presses: [1, 2, 11, 3, 36, 18, 0]
Line 156/171: answer 63, button presses: [0, 14, 3, 1, 13, 19, 10, 3]
Line 157/171: answer 94, button presses: [14, 18, 8, 15, 11, 18, 5, 5]
Line 158/171: answer 52, button presses: [6, 0, 12, 0, 13, 21]
Line 159/171: answer 202, button presses: [0, 101, 17, 20, 16, 0, 27, 16, 5]
Line 160/171: answer 230, button presses: [4, 13, 18, 1, 173, 7, 14]
Line 161/171: answer 174, button presses: [15, 3, 154, 2]
Line 162/171: answer 45, button presses: [8, 19, 4, 14]
Line 163/171: answer 64, button presses: [14, 8, 20, 7, 15]
Line 164/171: answer 40, button presses: [6, 5, 0, 5, 14, 6, 0, 4]
Line 165/171: answer 124, button presses: [10, 16, 14, 13, 10, 2, 16, 2, 18, 9, 9, 5]
Line 166/171: answer 35, button presses: [18, 4, 1, 8, 4]
Line 167/171: answer 49, button presses: [2, 12, 0, 14, 1, 8, 12]
Line 168/171: answer 92, button presses: [12, 10, 3, 12, 14, 9, 4, 1, 18, 9]
Line 169/171: answer 240, button presses: [7, 17, 11, 129, 16, 0, 17, 17, 17, 9]
Line 170/171: answer 97, button presses: [2, 0, 3, 20, 16, 12, 10, 2, 9, 0, 11, 2, 10]
Line 171/171: answer 82, button presses: [10, 13, 3, 9, 15, 0, 20, 7, 5]

Total answer: 18681
Maximum button presses: 198
Occurred on line 135 with button counts: [5, 198, 9, 15]
