nohup: ignoring input
rm -f results.xml
"make" -f Makefile results.xml
make[1]: Entering directory '/home/trungbui/advent-of-fpga-2025/day_8'
/usr/bin/iverilog -o sim_build/sim.vvp -D COCOTB_SIM=1 -s playground_part2 -g2012 -f sim_build/cmds.f  playground_part2.v
rm -f results.xml
MODULE=test_day_8 TESTCASE= TOPLEVEL=playground_part2 TOPLEVEL_LANG=verilog \
         /usr/bin/vvp -M /home/trungbui/.local/lib/python3.10/site-packages/cocotb/libs -m libcocotbvpi_icarus   sim_build/sim.vvp  
     -.--ns INFO     gpi                                ..mbed/gpi_embed.cpp:79   in set_program_name_in_venv        Did not detect Python virtual environment. Using system-wide Python interpreter
     -.--ns INFO     gpi                                ../gpi/GpiCommon.cpp:101  in gpi_print_registered_impl       VPI registered
     0.00ns INFO     cocotb                             Running on Icarus Verilog version 11.0 (stable)
     0.00ns INFO     cocotb                             Running tests with cocotb v1.9.2 from /home/trungbui/.local/lib/python3.10/site-packages/cocotb
     0.00ns INFO     cocotb                             Seeding Python random module with 1767063849
     0.00ns INFO     cocotb.regression                  Found test test_day_8.test
     0.00ns INFO     cocotb.regression                  running test (1/1)
Final result: 6083499488
32361960.00ns INFO     cocotb.regression                  test passed
32361960.00ns INFO     cocotb.regression                  **************************************************************************************
                                                          ** TEST                          STATUS  SIM TIME (ns)  REAL TIME (s)  RATIO (ns/s) **
                                                          **************************************************************************************
                                                          ** test_day_8.test                PASS    32361960.00         227.68     142138.71  **
                                                          **************************************************************************************
                                                          ** TESTS=1 PASS=1 FAIL=0 SKIP=0           32361960.00         227.90     142000.75  **
                                                          **************************************************************************************
                                                          
expected
num_circuits: 1
num_circuits: 1
make[1]: Leaving directory '/home/trungbui/advent-of-fpga-2025/day_8'
