nohup: ignoring input
rm -f results.xml
"make" -f Makefile results.xml
make[1]: Entering directory '/home/trungbui/advent-of-fpga-2025/day_8'
/usr/local/bin/iverilog -o sim_build/sim.vvp -D COCOTB_SIM=1 -s day_8 -g2012 -f sim_build/cmds.f  day_8.v min5.v
rm -f results.xml
MODULE=test_day_8 TESTCASE= TOPLEVEL=day_8 TOPLEVEL_LANG=verilog \
         /usr/local/bin/vvp -M /home/trungbui/.local/lib/python3.10/site-packages/cocotb/libs -m libcocotbvpi_icarus   sim_build/sim.vvp  
     -.--ns INFO     gpi                                ..mbed/gpi_embed.cpp:79   in set_program_name_in_venv        Did not detect Python virtual environment. Using system-wide Python interpreter
     -.--ns INFO     gpi                                ../gpi/GpiCommon.cpp:101  in gpi_print_registered_impl       VPI registered
     0.00ns INFO     cocotb                             Running on Icarus Verilog version 11.0 (stable)
     0.00ns INFO     cocotb                             Running tests with cocotb v1.9.2 from /home/trungbui/.local/lib/python3.10/site-packages/cocotb
     0.00ns INFO     cocotb                             Seeding Python random module with 1765469411
     0.00ns INFO     cocotb.regression                  Found test test_day_8.test
     0.00ns INFO     cocotb.regression                  running test (1/1)
Final result: 6083499488
26288910.00ns INFO     cocotb.regression                  test passed
26288910.00ns INFO     cocotb.regression                  **************************************************************************************
                                                          ** TEST                          STATUS  SIM TIME (ns)  REAL TIME (s)  RATIO (ns/s) **
                                                          **************************************************************************************
                                                          ** test_day_8.test                PASS    26288910.00         530.11      49591.05  **
                                                          **************************************************************************************
                                                          ** TESTS=1 PASS=1 FAIL=0 SKIP=0           26288910.00         530.18      49584.59  **
                                                          **************************************************************************************
                                                          
Distance calculation completed. Starting sorting phase.
Merging sorted distance chunks: step 1
Merging sorted distance chunks: step 2
Merging sorted distance chunks: step 3
Merging sorted distance chunks: step 4
Merging sorted distance chunks: step 5 (final)
Computing final result based on last connected boxes        661 and        937
make[1]: Leaving directory '/home/trungbui/advent-of-fpga-2025/day_8'
